2023-11-17 17:54:21,626 Namespace(cfg='configs/panoptic/resnet50/prn64_cpn80x80x20_960x512_cam5.yaml')
2023-11-17 17:54:21,628 {'BACKBONE_MODEL': 'pose_resnet',
 'CUDNN': {'BENCHMARK': True, 'DETERMINISTIC': False, 'ENABLED': True},
 'DATASET': {'BBOX': 2000,
             'CAMERA_NUM': 5,
             'COLOR_RGB': True,
             'CROP': True,
             'DATA_AUGMENTATION': False,
             'DATA_FORMAT': 'jpg',
             'FLIP': False,
             'ROOT': '/nas-ctm01/datasets/public/panoptic/panoptic-toolbox/data/',
             'ROOTIDX': 2,
             'ROT_FACTOR': 45,
             'SCALE_FACTOR': 0.35,
             'TEST_DATASET': 'panoptic',
             'TEST_SUBSET': 'test',
             'TRAIN_DATASET': 'panoptic',
             'TRAIN_SUBSET': 'train',
             'VAL_SUBSET': 'validation'},
 'DATA_DIR': '',
 'DEBUG': {'DEBUG': True,
           'SAVE_BATCH_IMAGES_GT': True,
           'SAVE_BATCH_IMAGES_PRED': True,
           'SAVE_HEATMAPS_GT': True,
           'SAVE_HEATMAPS_PRED': True},
 'GPUS': '0',
 'LOG_DIR': 'log',
 'LOSS': {'USE_DIFFERENT_JOINTS_WEIGHT': False, 'USE_TARGET_WEIGHT': True},
 'MODEL': 'multi_person_posenet',
 'MODEL_EXTRA': {'DECONV': {'CAT_OUTPUT': True,
                            'KERNEL_SIZE': 4,
                            'NUM_BASIC_BLOCKS': 4,
                            'NUM_CHANNELS': 32,
                            'NUM_DECONVS': 1},
                 'FINAL_CONV_KERNEL': 1,
                 'PRETRAINED_LAYERS': ['*'],
                 'STAGE2': {'BLOCK': 'BASIC',
                            'FUSE_METHOD': 'SUM',
                            'NUM_BLOCKS': [4, 4],
                            'NUM_BRANCHES': 2,
                            'NUM_CHANNELS': [48, 96],
                            'NUM_MODULES': 1},
                 'STAGE3': {'BLOCK': 'BASIC',
                            'FUSE_METHOD': 'SUM',
                            'NUM_BLOCKS': [4, 4, 4],
                            'NUM_BRANCHES': 3,
                            'NUM_CHANNELS': [48, 96, 192],
                            'NUM_MODULES': 4},
                 'STAGE4': {'BLOCK': 'BASIC',
                            'FUSE_METHOD': 'SUM',
                            'NUM_BLOCKS': [4, 4, 4, 4],
                            'NUM_BRANCHES': 4,
                            'NUM_CHANNELS': [48, 96, 192, 384],
                            'NUM_MODULES': 3},
                 'STEM_INPLANES': 64},
 'MULTI_PERSON': {'INITIAL_CUBE_SIZE': [80, 80, 20],
                  'MAX_PEOPLE_NUM': 10,
                  'SPACE_CENTER': [0.0, -500.0, 800.0],
                  'SPACE_SIZE': [8000.0, 8000.0, 2000.0],
                  'THRESHOLD': 0.3},
 'NETWORK': {'AGGRE': True,
             'BETA': 100.0,
             'HEATMAP_SIZE': array([240, 128]),
             'IMAGE_SIZE': array([960, 512]),
             'INPUT_SIZE': 512,
             'NUM_JOINTS': 15,
             'PRETRAINED': '',
             'PRETRAINED_BACKBONE': 'models/pose_resnet50_panoptic.pth.tar',
             'SIGMA': 3,
             'TARGET_TYPE': 'gaussian',
             'USE_GT': False},
 'OUTPUT_DIR': 'output',
 'PICT_STRUCT': {'CUBE_SIZE': [64, 64, 64],
                 'DEBUG': False,
                 'FIRST_NBINS': 16,
                 'GRID_SIZE': [2000.0, 2000.0, 2000.0],
                 'LIMB_LENGTH_TOLERANCE': 150,
                 'PAIRWISE_FILE': '',
                 'RECUR_DEPTH': 10,
                 'RECUR_NBINS': 2,
                 'SHOW_CROPIMG': False,
                 'SHOW_HEATIMG': False,
                 'SHOW_ORIIMG': False,
                 'TEST_PAIRWISE': False},
 'POSE_RESNET': {'DECONV_WITH_BIAS': False,
                 'FINAL_CONV_KERNEL': 1,
                 'NUM_DECONV_FILTERS': [256, 256, 256],
                 'NUM_DECONV_KERNELS': [4, 4, 4],
                 'NUM_DECONV_LAYERS': 3,
                 'NUM_LAYERS': 50},
 'PRINT_FREQ': 100,
 'TEST': {'BATCH_SIZE': 4,
          'BBOX_FILE': '',
          'BBOX_THRE': 1.0,
          'DETECTOR': 'fpn_dcn',
          'DETECTOR_DIR': '',
          'FLIP_TEST': False,
          'HEATMAP_LOCATION_FILE': 'predicted_heatmaps.h5',
          'IMAGE_THRE': 0.1,
          'IN_VIS_THRE': 0.0,
          'MATCH_IOU_THRE': 0.3,
          'MODEL_FILE': 'model_best.pth.tar',
          'NMS_THRE': 0.6,
          'OKS_THRE': 0.5,
          'POST_PROCESS': False,
          'SHIFT_HEATMAP': False,
          'STATE': 'best',
          'USE_GT_BBOX': False},
 'TRAIN': {'BATCH_SIZE': 1,
           'BEGIN_EPOCH': 0,
           'END_EPOCH': 10,
           'GAMMA1': 0.99,
           'GAMMA2': 0.0,
           'LR': 0.0001,
           'LR_FACTOR': 0.1,
           'LR_STEP': [90, 110],
           'MOMENTUM': 0.9,
           'NESTEROV': False,
           'OPTIMIZER': 'adam',
           'RESUME': True,
           'SHUFFLE': True,
           'WD': 0.0001},
 'WORKERS': 4}
2023-11-17 17:54:29,071 => init weights from normal distribution
2023-11-17 17:54:35,594 load backbone statedict from /nas-ctm01/homes/afrodrigues/VoxelPose_exp/models/pose_resnet50_panoptic.pth.tar
